This file contains any messages produced by compilers while
running configure, to aid debugging if configure makes a mistake.

It was created by libedit configure 3.0, which was
generated by GNU Autoconf 2.65.  Invocation command line was

  $ ./configure --disable-dependency-tracking

## --------- ##
## Platform. ##
## --------- ##

hostname = Alexanders-MBP-11-SSD.local
uname -m = x86_64
uname -r = 11.2.0
uname -s = Darwin
uname -v = Darwin Kernel Version 11.2.0: Tue Aug  9 20:54:00 PDT 2011; root:xnu-1699.24.8~1/RELEASE_X86_64

/usr/bin/uname -p = i386
/bin/uname -X     = unknown

/bin/arch              = unknown
/usr/bin/arch -k       = unknown
/usr/convex/getsysinfo = unknown
/usr/bin/hostinfo      = Mach kernel version:
	 Darwin Kernel Version 11.2.0: Tue Aug  9 20:54:00 PDT 2011; root:xnu-1699.24.8~1/RELEASE_X86_64
Kernel configured for up to 8 processors.
4 processors are physically available.
8 processors are logically available.
Processor type: i486 (Intel 80486)
Processors active: 0 1 2 3 4 5 6 7
Primary memory available: 8.00 gigabytes
Default processor set: 205 tasks, 1200 threads, 8 processors
Load average: 4.19, Mach factor: 3.80
/bin/machine           = unknown
/usr/bin/oslevel       = unknown
/bin/universe          = unknown

PATH: /usr/local/narwhal/bin
PATH: /usr/local/narwhal/bin
PATH: /usr/local/Cellar/python/2.7.1/bin
PATH: /usr/local/bin/
PATH: /usr/local/sbin
PATH: /Users/siker/bin/
PATH: /usr/local/cappuccino/bin
PATH: /Users/siker/.gem/ruby/1.8/bin
PATH: /Users/siker/.rvm/gems/ruby-1.8.7-p330/bin
PATH: /Users/siker/.rvm/gems/ruby-1.8.7-p330@global/bin
PATH: /Users/siker/.rvm/rubies/ruby-1.8.7-p330/bin
PATH: /Users/siker/.rvm/bin
PATH: /usr/bin
PATH: /bin
PATH: /usr/sbin
PATH: /sbin
PATH: /usr/local/bin
PATH: /usr/X11/bin


## ----------- ##
## Core tests. ##
## ----------- ##

configure:2415: checking for gcc
configure:2431: found /usr/bin/gcc
configure:2442: result: gcc
configure:2671: checking for C compiler version
configure:2680: gcc --version >&5
i686-apple-darwin11-llvm-gcc-4.2 (GCC) 4.2.1 (Based on Apple Inc. build 5658) (LLVM build 2336.1.00)
Copyright (C) 2007 Free Software Foundation, Inc.
This is free software; see the source for copying conditions.  There is NO
warranty; not even for MERCHANTABILITY or FITNESS FOR A PARTICULAR PURPOSE.

configure:2691: $? = 0
configure:2680: gcc -v >&5
Using built-in specs.
Target: i686-apple-darwin11
Configured with: /private/var/tmp/llvmgcc42/llvmgcc42-2336.1~1/src/configure --disable-checking --enable-werror --prefix=/Developer/usr/llvm-gcc-4.2 --mandir=/share/man --enable-languages=c,objc,c++,obj-c++ --program-prefix=llvm- --program-transform-name=/^[cg][^.-]*$/s/$/-4.2/ --with-slibdir=/usr/lib --build=i686-apple-darwin11 --enable-llvm=/private/var/tmp/llvmgcc42/llvmgcc42-2336.1~1/dst-llvmCore/Developer/usr/local --program-prefix=i686-apple-darwin11- --host=x86_64-apple-darwin11 --target=i686-apple-darwin11 --with-gxx-include-dir=/usr/include/c++/4.2.1
Thread model: posix
gcc version 4.2.1 (Based on Apple Inc. build 5658) (LLVM build 2336.1.00)
configure:2691: $? = 0
configure:2680: gcc -V >&5
llvm-gcc-4.2: argument to `-V' is missing
configure:2691: $? = 1
configure:2680: gcc -qversion >&5
i686-apple-darwin11-llvm-gcc-4.2: no input files
configure:2691: $? = 1
configure:2711: checking whether the C compiler works
configure:2733: gcc -force_cpusubtype_ALL -mmacosx-version-min=10.4 -arch i386  -force_cpusubtype_ALL -mmacosx-version-min=10.4 -arch i386 conftest.c  >&5
configure:2737: $? = 0
configure:2786: result: yes
configure:2789: checking for C compiler default output file name
configure:2791: result: a.out
configure:2797: checking for suffix of executables
configure:2804: gcc -o conftest -force_cpusubtype_ALL -mmacosx-version-min=10.4 -arch i386  -force_cpusubtype_ALL -mmacosx-version-min=10.4 -arch i386 conftest.c  >&5
configure:2808: $? = 0
configure:2830: result: 
configure:2852: checking whether we are cross compiling
configure:2860: gcc -o conftest -force_cpusubtype_ALL -mmacosx-version-min=10.4 -arch i386  -force_cpusubtype_ALL -mmacosx-version-min=10.4 -arch i386 conftest.c  >&5
configure:2864: $? = 0
configure:2871: ./conftest
configure:2875: $? = 0
configure:2890: result: no
configure:2895: checking for suffix of object files
configure:2917: gcc -c -force_cpusubtype_ALL -mmacosx-version-min=10.4 -arch i386  conftest.c >&5
configure:2921: $? = 0
configure:2942: result: o
configure:2946: checking whether we are using the GNU C compiler
configure:2965: gcc -c -force_cpusubtype_ALL -mmacosx-version-min=10.4 -arch i386  conftest.c >&5
configure:2965: $? = 0
configure:2974: result: yes
configure:2983: checking whether gcc accepts -g
configure:3003: gcc -c -g  conftest.c >&5
configure:3003: $? = 0
configure:3044: result: yes
configure:3061: checking for gcc option to accept ISO C89
configure:3125: gcc  -c -force_cpusubtype_ALL -mmacosx-version-min=10.4 -arch i386  conftest.c >&5
configure:3125: $? = 0
configure:3138: result: none needed
configure:3164: checking how to run the C preprocessor
configure:3195: gcc -E  conftest.c
configure:3195: $? = 0
configure:3209: gcc -E  conftest.c
conftest.c:9:28: error: ac_nonexistent.h: No such file or directory
configure:3209: $? = 1
configure: failed program was:
| /* confdefs.h */
| #define PACKAGE_NAME "libedit"
| #define PACKAGE_TARNAME "libedit-20100424"
| #define PACKAGE_VERSION "3.0"
| #define PACKAGE_STRING "libedit 3.0"
| #define PACKAGE_BUGREPORT ""
| #define PACKAGE_URL ""
| /* end confdefs.h.  */
| #include <ac_nonexistent.h>
configure:3234: result: gcc -E
configure:3254: gcc -E  conftest.c
configure:3254: $? = 0
configure:3268: gcc -E  conftest.c
conftest.c:9:28: error: ac_nonexistent.h: No such file or directory
configure:3268: $? = 1
configure: failed program was:
| /* confdefs.h */
| #define PACKAGE_NAME "libedit"
| #define PACKAGE_TARNAME "libedit-20100424"
| #define PACKAGE_VERSION "3.0"
| #define PACKAGE_STRING "libedit 3.0"
| #define PACKAGE_BUGREPORT ""
| #define PACKAGE_URL ""
| /* end confdefs.h.  */
| #include <ac_nonexistent.h>
configure:3297: checking for grep that handles long lines and -e
configure:3355: result: /usr/bin/grep
configure:3360: checking for egrep
configure:3422: result: /usr/bin/grep -E
configure:3427: checking for ANSI C header files
configure:3447: gcc -c -force_cpusubtype_ALL -mmacosx-version-min=10.4 -arch i386  conftest.c >&5
configure:3447: $? = 0
configure:3520: gcc -o conftest -force_cpusubtype_ALL -mmacosx-version-min=10.4 -arch i386  -force_cpusubtype_ALL -mmacosx-version-min=10.4 -arch i386 conftest.c  >&5
configure:3520: $? = 0
configure:3520: ./conftest
configure:3520: $? = 0
configure:3531: result: yes
configure:3544: checking for sys/types.h
configure:3544: gcc -c -force_cpusubtype_ALL -mmacosx-version-min=10.4 -arch i386  conftest.c >&5
configure:3544: $? = 0
configure:3544: result: yes
configure:3544: checking for sys/stat.h
configure:3544: gcc -c -force_cpusubtype_ALL -mmacosx-version-min=10.4 -arch i386  conftest.c >&5
configure:3544: $? = 0
configure:3544: result: yes
configure:3544: checking for stdlib.h
configure:3544: gcc -c -force_cpusubtype_ALL -mmacosx-version-min=10.4 -arch i386  conftest.c >&5
configure:3544: $? = 0
configure:3544: result: yes
configure:3544: checking for string.h
configure:3544: gcc -c -force_cpusubtype_ALL -mmacosx-version-min=10.4 -arch i386  conftest.c >&5
configure:3544: $? = 0
configure:3544: result: yes
configure:3544: checking for memory.h
configure:3544: gcc -c -force_cpusubtype_ALL -mmacosx-version-min=10.4 -arch i386  conftest.c >&5
configure:3544: $? = 0
configure:3544: result: yes
configure:3544: checking for strings.h
configure:3544: gcc -c -force_cpusubtype_ALL -mmacosx-version-min=10.4 -arch i386  conftest.c >&5
configure:3544: $? = 0
configure:3544: result: yes
configure:3544: checking for inttypes.h
configure:3544: gcc -c -force_cpusubtype_ALL -mmacosx-version-min=10.4 -arch i386  conftest.c >&5
configure:3544: $? = 0
configure:3544: result: yes
configure:3544: checking for stdint.h
configure:3544: gcc -c -force_cpusubtype_ALL -mmacosx-version-min=10.4 -arch i386  conftest.c >&5
configure:3544: $? = 0
configure:3544: result: yes
configure:3544: checking for unistd.h
configure:3544: gcc -c -force_cpusubtype_ALL -mmacosx-version-min=10.4 -arch i386  conftest.c >&5
configure:3544: $? = 0
configure:3544: result: yes
configure:3558: checking minix/config.h usability
configure:3558: gcc -c -force_cpusubtype_ALL -mmacosx-version-min=10.4 -arch i386  conftest.c >&5
conftest.c:52:26: error: minix/config.h: No such file or directory
configure:3558: $? = 1
configure: failed program was:
| /* confdefs.h */
| #define PACKAGE_NAME "libedit"
| #define PACKAGE_TARNAME "libedit-20100424"
| #define PACKAGE_VERSION "3.0"
| #define PACKAGE_STRING "libedit 3.0"
| #define PACKAGE_BUGREPORT ""
| #define PACKAGE_URL ""
| #define STDC_HEADERS 1
| #define HAVE_SYS_TYPES_H 1
| #define HAVE_SYS_STAT_H 1
| #define HAVE_STDLIB_H 1
| #define HAVE_STRING_H 1
| #define HAVE_MEMORY_H 1
| #define HAVE_STRINGS_H 1
| #define HAVE_INTTYPES_H 1
| #define HAVE_STDINT_H 1
| #define HAVE_UNISTD_H 1
| /* end confdefs.h.  */
| #include <stdio.h>
| #ifdef HAVE_SYS_TYPES_H
| # include <sys/types.h>
| #endif
| #ifdef HAVE_SYS_STAT_H
| # include <sys/stat.h>
| #endif
| #ifdef STDC_HEADERS
| # include <stdlib.h>
| # include <stddef.h>
| #else
| # ifdef HAVE_STDLIB_H
| #  include <stdlib.h>
| # endif
| #endif
| #ifdef HAVE_STRING_H
| # if !defined STDC_HEADERS && defined HAVE_MEMORY_H
| #  include <memory.h>
| # endif
| # include <string.h>
| #endif
| #ifdef HAVE_STRINGS_H
| # include <strings.h>
| #endif
| #ifdef HAVE_INTTYPES_H
| # include <inttypes.h>
| #endif
| #ifdef HAVE_STDINT_H
| # include <stdint.h>
| #endif
| #ifdef HAVE_UNISTD_H
| # include <unistd.h>
| #endif
| #include <minix/config.h>
configure:3558: result: no
configure:3558: checking minix/config.h presence
configure:3558: gcc -E  conftest.c
conftest.c:19:26: error: minix/config.h: No such file or directory
configure:3558: $? = 1
configure: failed program was:
| /* confdefs.h */
| #define PACKAGE_NAME "libedit"
| #define PACKAGE_TARNAME "libedit-20100424"
| #define PACKAGE_VERSION "3.0"
| #define PACKAGE_STRING "libedit 3.0"
| #define PACKAGE_BUGREPORT ""
| #define PACKAGE_URL ""
| #define STDC_HEADERS 1
| #define HAVE_SYS_TYPES_H 1
| #define HAVE_SYS_STAT_H 1
| #define HAVE_STDLIB_H 1
| #define HAVE_STRING_H 1
| #define HAVE_MEMORY_H 1
| #define HAVE_STRINGS_H 1
| #define HAVE_INTTYPES_H 1
| #define HAVE_STDINT_H 1
| #define HAVE_UNISTD_H 1
| /* end confdefs.h.  */
| #include <minix/config.h>
configure:3558: result: no
configure:3558: checking for minix/config.h
configure:3558: result: no
configure:3579: checking whether it is safe to define __EXTENSIONS__
configure:3597: gcc -c -force_cpusubtype_ALL -mmacosx-version-min=10.4 -arch i386  conftest.c >&5
configure:3597: $? = 0
configure:3604: result: yes
configure:3658: checking for a BSD-compatible install
configure:3726: result: /usr/bin/install -c
configure:3737: checking whether build environment is sane
configure:3787: result: yes
configure:3928: checking for a thread-safe mkdir -p
configure:3967: result: ./install-sh -c -d
configure:3980: checking for gawk
configure:4010: result: no
configure:3980: checking for mawk
configure:4010: result: no
configure:3980: checking for nawk
configure:4010: result: no
configure:3980: checking for awk
configure:3996: found /usr/bin/awk
configure:4007: result: awk
configure:4018: checking whether make sets $(MAKE)
configure:4040: result: yes
configure:4070: checking for style of include used by make
configure:4098: result: GNU
configure:4183: checking dependency style of gcc
configure:4293: result: none
configure:4338: checking build system type
configure:4352: result: x86_64-apple-darwin11.2.0
configure:4372: checking host system type
configure:4385: result: x86_64-apple-darwin11.2.0
configure:4405: checking for a sed that does not truncate output
configure:4469: result: /usr/bin/sed
configure:4487: checking for fgrep
configure:4549: result: /usr/bin/grep -F
configure:4584: checking for ld used by gcc
configure:4651: result: /usr/llvm-gcc-4.2/libexec/gcc/i686-apple-darwin11/4.2.1/ld
configure:4658: checking if the linker (/usr/llvm-gcc-4.2/libexec/gcc/i686-apple-darwin11/4.2.1/ld) is GNU ld
configure:4673: result: no
configure:4685: checking for BSD- or MS-compatible name lister (nm)
configure:4734: result: /usr/bin/nm
configure:4852: checking the name lister (/usr/bin/nm) interface
configure:4859: gcc -c -force_cpusubtype_ALL -mmacosx-version-min=10.4 -arch i386  conftest.c >&5
configure:4862: /usr/bin/nm "conftest.o"
configure:4865: output
00000000 S _some_variable
configure:4872: result: BSD nm
configure:4875: checking whether ln -s works
configure:4879: result: yes
configure:4887: checking the maximum length of command line arguments
configure:5007: result: 196608
configure:5024: checking whether the shell understands some XSI constructs
configure:5034: result: yes
configure:5038: checking whether the shell understands "+="
configure:5044: result: yes
configure:5079: checking for /usr/llvm-gcc-4.2/libexec/gcc/i686-apple-darwin11/4.2.1/ld option to reload object files
configure:5086: result: -r
configure:5155: checking for objdump
configure:5185: result: no
configure:5214: checking how to recognize dependent libraries
configure:5410: result: pass_all
configure:5470: checking for ar
configure:5486: found /usr/bin/ar
configure:5497: result: ar
configure:5575: checking for strip
configure:5591: found /usr/bin/strip
configure:5602: result: strip
configure:5674: checking for ranlib
configure:5690: found /usr/bin/ranlib
configure:5701: result: ranlib
configure:5791: checking command to parse /usr/bin/nm output from gcc object
configure:5909: gcc -c -force_cpusubtype_ALL -mmacosx-version-min=10.4 -arch i386  conftest.c >&5
configure:5912: $? = 0
configure:5916: /usr/bin/nm conftest.o \| sed -n -e 's/^.*[	 ]\([BCDEGRST][BCDEGRST]*\)[	 ][	 ]*\([_A-Za-z][_A-Za-z0-9]*\)$/\1 \2 \2/p' \> conftest.nm
configure:5919: $? = 0
cannot find nm_test_var in conftest.nm
configure:5909: gcc -c -force_cpusubtype_ALL -mmacosx-version-min=10.4 -arch i386  conftest.c >&5
configure:5912: $? = 0
configure:5916: /usr/bin/nm conftest.o \| sed -n -e 's/^.*[	 ]\([BCDEGRST][BCDEGRST]*\)[	 ][	 ]*_\([_A-Za-z][_A-Za-z0-9]*\)$/\1 _\2 \2/p' \> conftest.nm
configure:5919: $? = 0
configure:5973: gcc -o conftest -force_cpusubtype_ALL -mmacosx-version-min=10.4 -arch i386  -force_cpusubtype_ALL -mmacosx-version-min=10.4 -arch i386 conftest.c conftstm.o >&5
configure:5976: $? = 0
configure:6014: result: ok
configure:6278: checking for dsymutil
configure:6294: found /usr/bin/dsymutil
configure:6305: result: dsymutil
configure:6370: checking for nmedit
configure:6386: found /usr/bin/nmedit
configure:6397: result: nmedit
configure:6462: checking for lipo
configure:6478: found /usr/bin/lipo
configure:6489: result: lipo
configure:6554: checking for otool
configure:6570: found /usr/bin/otool
configure:6581: result: otool
configure:6646: checking for otool64
configure:6676: result: no
configure:6721: checking for -single_module linker flag
gcc -force_cpusubtype_ALL -mmacosx-version-min=10.4 -arch i386 -force_cpusubtype_ALL -mmacosx-version-min=10.4 -arch i386 -o libconftest.dylib -dynamiclib -Wl,-single_module conftest.c
configure:6748: result: yes
configure:6750: checking for -exported_symbols_list linker flag
configure:6770: gcc -o conftest -force_cpusubtype_ALL -mmacosx-version-min=10.4 -arch i386  -force_cpusubtype_ALL -mmacosx-version-min=10.4 -arch i386 -Wl,-exported_symbols_list,conftest.sym conftest.c  >&5
configure:6770: $? = 0
configure:6780: result: yes
configure:6819: checking for dlfcn.h
configure:6819: gcc -c -force_cpusubtype_ALL -mmacosx-version-min=10.4 -arch i386  conftest.c >&5
configure:6819: $? = 0
configure:6819: result: yes
configure:7003: checking for objdir
configure:7018: result: .libs
configure:7310: checking if gcc supports -fno-rtti -fno-exceptions
configure:7328: gcc -c -force_cpusubtype_ALL -mmacosx-version-min=10.4 -arch i386  -fno-rtti -fno-exceptions conftest.c >&5
cc1: warning: command line option "-fno-rtti" is valid for C++/ObjC++ but not for C
configure:7332: $? = 0
configure:7345: result: no
configure:7365: checking for gcc option to produce PIC
configure:7637: result: -fno-common -DPIC
configure:7649: checking if gcc PIC flag -fno-common -DPIC works
configure:7667: gcc -c -force_cpusubtype_ALL -mmacosx-version-min=10.4 -arch i386  -fno-common -DPIC -DPIC conftest.c >&5
configure:7671: $? = 0
configure:7684: result: yes
configure:7708: checking if gcc static flag -static works
configure:7736: result: no
configure:7751: checking if gcc supports -c -o file.o
configure:7772: gcc -c -force_cpusubtype_ALL -mmacosx-version-min=10.4 -arch i386  -o out/conftest2.o conftest.c >&5
configure:7776: $? = 0
configure:7798: result: yes
configure:7806: checking if gcc supports -c -o file.o
configure:7853: result: yes
configure:7886: checking whether the gcc linker (/usr/llvm-gcc-4.2/libexec/gcc/i686-apple-darwin11/4.2.1/ld) supports shared libraries
configure:8877: result: yes
configure:9116: checking dynamic linker characteristics
configure:9779: result: darwin11.2.0 dyld
configure:9881: checking how to hardcode library paths into programs
configure:9906: result: immediate
configure:10426: checking whether stripping libraries is possible
configure:10440: result: yes
configure:10466: checking if libtool supports shared libraries
configure:10468: result: yes
configure:10471: checking whether to build shared libraries
configure:10492: result: yes
configure:10495: checking whether to build static libraries
configure:10499: result: yes
configure:10553: checking for gcc option to accept ISO C99
configure:10702: gcc  -c -force_cpusubtype_ALL -mmacosx-version-min=10.4 -arch i386  conftest.c >&5
conftest.c:78: error: expected ';', ',' or ')' before 'text'
conftest.c: In function 'main':
conftest.c:132: error: nested functions are disabled, use -fnested-functions to re-enable
conftest.c:132: error: expected '=', ',', ';', 'asm' or '__attribute__' before 'newvar'
conftest.c:132: error: 'newvar' undeclared (first use in this function)
conftest.c:132: error: (Each undeclared identifier is reported only once
conftest.c:132: error: for each function it appears in.)
conftest.c:142: error: 'for' loop initial declaration used outside C99 mode
configure:10702: $? = 1
configure: failed program was:
| /* confdefs.h */
| #define PACKAGE_NAME "libedit"
| #define PACKAGE_TARNAME "libedit-20100424"
| #define PACKAGE_VERSION "3.0"
| #define PACKAGE_STRING "libedit 3.0"
| #define PACKAGE_BUGREPORT ""
| #define PACKAGE_URL ""
| #define STDC_HEADERS 1
| #define HAVE_SYS_TYPES_H 1
| #define HAVE_SYS_STAT_H 1
| #define HAVE_STDLIB_H 1
| #define HAVE_STRING_H 1
| #define HAVE_MEMORY_H 1
| #define HAVE_STRINGS_H 1
| #define HAVE_INTTYPES_H 1
| #define HAVE_STDINT_H 1
| #define HAVE_UNISTD_H 1
| #define __EXTENSIONS__ 1
| #define _ALL_SOURCE 1
| #define _GNU_SOURCE 1
| #define _POSIX_PTHREAD_SEMANTICS 1
| #define _TANDEM_SOURCE 1
| #define PACKAGE "libedit-20100424"
| #define VERSION "3.0"
| #define HAVE_DLFCN_H 1
| #define LT_OBJDIR ".libs/"
| /* end confdefs.h.  */
| #include <stdarg.h>
| #include <stdbool.h>
| #include <stdlib.h>
| #include <wchar.h>
| #include <stdio.h>
| 
| // Check varargs macros.  These examples are taken from C99 6.10.3.5.
| #define debug(...) fprintf (stderr, __VA_ARGS__)
| #define showlist(...) puts (#__VA_ARGS__)
| #define report(test,...) ((test) ? puts (#test) : printf (__VA_ARGS__))
| static void
| test_varargs_macros (void)
| {
|   int x = 1234;
|   int y = 5678;
|   debug ("Flag");
|   debug ("X = %d\n", x);
|   showlist (The first, second, and third items.);
|   report (x>y, "x is %d but y is %d", x, y);
| }
| 
| // Check long long types.
| #define BIG64 18446744073709551615ull
| #define BIG32 4294967295ul
| #define BIG_OK (BIG64 / BIG32 == 4294967297ull && BIG64 % BIG32 == 0)
| #if !BIG_OK
|   your preprocessor is broken;
| #endif
| #if BIG_OK
| #else
|   your preprocessor is broken;
| #endif
| static long long int bignum = -9223372036854775807LL;
| static unsigned long long int ubignum = BIG64;
| 
| struct incomplete_array
| {
|   int datasize;
|   double data[];
| };
| 
| struct named_init {
|   int number;
|   const wchar_t *name;
|   double average;
| };
| 
| typedef const char *ccp;
| 
| static inline int
| test_restrict (ccp restrict text)
| {
|   // See if C++-style comments work.
|   // Iterate through items via the restricted pointer.
|   // Also check for declarations in for loops.
|   for (unsigned int i = 0; *(text+i) != '\0'; ++i)
|     continue;
|   return 0;
| }
| 
| // Check varargs and va_copy.
| static void
| test_varargs (const char *format, ...)
| {
|   va_list args;
|   va_start (args, format);
|   va_list args_copy;
|   va_copy (args_copy, args);
| 
|   const char *str;
|   int number;
|   float fnumber;
| 
|   while (*format)
|     {
|       switch (*format++)
| 	{
| 	case 's': // string
| 	  str = va_arg (args_copy, const char *);
| 	  break;
| 	case 'd': // int
| 	  number = va_arg (args_copy, int);
| 	  break;
| 	case 'f': // float
| 	  fnumber = va_arg (args_copy, double);
| 	  break;
| 	default:
| 	  break;
| 	}
|     }
|   va_end (args_copy);
|   va_end (args);
| }
| 
| int
| main ()
| {
| 
|   // Check bool.
|   _Bool success = false;
| 
|   // Check restrict.
|   if (test_restrict ("String literal") == 0)
|     success = true;
|   char *restrict newvar = "Another string";
| 
|   // Check varargs.
|   test_varargs ("s, d' f .", "string", 65, 34.234);
|   test_varargs_macros ();
| 
|   // Check flexible array members.
|   struct incomplete_array *ia =
|     malloc (sizeof (struct incomplete_array) + (sizeof (double) * 10));
|   ia->datasize = 10;
|   for (int i = 0; i < ia->datasize; ++i)
|     ia->data[i] = i * 1.234;
| 
|   // Check named initializers.
|   struct named_init ni = {
|     .number = 34,
|     .name = L"Test wide string",
|     .average = 543.34343,
|   };
| 
|   ni.number = 58;
| 
|   int dynamic_array[ni.number];
|   dynamic_array[ni.number - 1] = 543;
| 
|   // work around unused variable warnings
|   return (!success || bignum == 0LL || ubignum == 0uLL || newvar[0] == 'x'
| 	  || dynamic_array[ni.number - 1] != 543);
| 
|   ;
|   return 0;
| }
configure:10702: gcc -std=gnu99 -c -force_cpusubtype_ALL -mmacosx-version-min=10.4 -arch i386  conftest.c >&5
configure:10702: $? = 0
configure:10722: result: -std=gnu99
configure:10731: checking whether ln -s works
configure:10735: result: yes
configure:10746: checking for gawk
configure:10773: result: awk
configure:10791: checking for nroff
configure:10809: found /usr/bin/nroff
configure:10821: result: /usr/bin/nroff
configure:10840: checking for tgetent in -lcurses
configure:10865: gcc -std=gnu99 -o conftest -force_cpusubtype_ALL -mmacosx-version-min=10.4 -arch i386  -force_cpusubtype_ALL -mmacosx-version-min=10.4 -arch i386 conftest.c -lcurses   >&5
configure:10865: $? = 0
configure:10874: result: yes
configure:10937: checking if you want wide-character code
configure:10946: result: no
configure:10966: checking for working alloca.h
configure:10983: gcc -std=gnu99 -o conftest -force_cpusubtype_ALL -mmacosx-version-min=10.4 -arch i386  -force_cpusubtype_ALL -mmacosx-version-min=10.4 -arch i386 conftest.c -lcurses  >&5
configure:10983: $? = 0
configure:10991: result: yes
configure:10999: checking for alloca
configure:11036: gcc -std=gnu99 -o conftest -force_cpusubtype_ALL -mmacosx-version-min=10.4 -arch i386  -force_cpusubtype_ALL -mmacosx-version-min=10.4 -arch i386 conftest.c -lcurses  >&5
configure:11036: $? = 0
configure:11044: result: yes
configure:11157: checking for dirent.h that defines DIR
configure:11176: gcc -std=gnu99 -c -force_cpusubtype_ALL -mmacosx-version-min=10.4 -arch i386  conftest.c >&5
configure:11176: $? = 0
configure:11184: result: yes
configure:11198: checking for library containing opendir
configure:11229: gcc -std=gnu99 -o conftest -force_cpusubtype_ALL -mmacosx-version-min=10.4 -arch i386  -force_cpusubtype_ALL -mmacosx-version-min=10.4 -arch i386 conftest.c -lcurses  >&5
configure:11229: $? = 0
configure:11246: result: none required
configure:11313: checking for ANSI C header files
configure:11417: result: yes
configure:11425: checking for sys/wait.h that is POSIX.1 compatible
configure:11451: gcc -std=gnu99 -c -force_cpusubtype_ALL -mmacosx-version-min=10.4 -arch i386  conftest.c >&5
configure:11451: $? = 0
configure:11458: result: yes
configure:11469: checking fcntl.h usability
configure:11469: gcc -std=gnu99 -c -force_cpusubtype_ALL -mmacosx-version-min=10.4 -arch i386  conftest.c >&5
configure:11469: $? = 0
configure:11469: result: yes
configure:11469: checking fcntl.h presence
configure:11469: gcc -E  conftest.c
configure:11469: $? = 0
configure:11469: result: yes
configure:11469: checking for fcntl.h
configure:11469: result: yes
configure:11469: checking limits.h usability
configure:11469: gcc -std=gnu99 -c -force_cpusubtype_ALL -mmacosx-version-min=10.4 -arch i386  conftest.c >&5
configure:11469: $? = 0
configure:11469: result: yes
configure:11469: checking limits.h presence
configure:11469: gcc -E  conftest.c
configure:11469: $? = 0
configure:11469: result: yes
configure:11469: checking for limits.h
configure:11469: result: yes
configure:11469: checking malloc.h usability
configure:11469: gcc -std=gnu99 -c -force_cpusubtype_ALL -mmacosx-version-min=10.4 -arch i386  conftest.c >&5
conftest.c:69:20: error: malloc.h: No such file or directory
configure:11469: $? = 1
configure: failed program was:
| /* confdefs.h */
| #define PACKAGE_NAME "libedit"
| #define PACKAGE_TARNAME "libedit-20100424"
| #define PACKAGE_VERSION "3.0"
| #define PACKAGE_STRING "libedit 3.0"
| #define PACKAGE_BUGREPORT ""
| #define PACKAGE_URL ""
| #define STDC_HEADERS 1
| #define HAVE_SYS_TYPES_H 1
| #define HAVE_SYS_STAT_H 1
| #define HAVE_STDLIB_H 1
| #define HAVE_STRING_H 1
| #define HAVE_MEMORY_H 1
| #define HAVE_STRINGS_H 1
| #define HAVE_INTTYPES_H 1
| #define HAVE_STDINT_H 1
| #define HAVE_UNISTD_H 1
| #define __EXTENSIONS__ 1
| #define _ALL_SOURCE 1
| #define _GNU_SOURCE 1
| #define _POSIX_PTHREAD_SEMANTICS 1
| #define _TANDEM_SOURCE 1
| #define PACKAGE "libedit-20100424"
| #define VERSION "3.0"
| #define HAVE_DLFCN_H 1
| #define LT_OBJDIR ".libs/"
| #define HAVE_LIBCURSES 1
| #define HAVE_ALLOCA_H 1
| #define HAVE_ALLOCA 1
| #define HAVE_DIRENT_H 1
| #define STDC_HEADERS 1
| #define HAVE_SYS_WAIT_H 1
| #define HAVE_FCNTL_H 1
| #define HAVE_LIMITS_H 1
| /* end confdefs.h.  */
| #include <stdio.h>
| #ifdef HAVE_SYS_TYPES_H
| # include <sys/types.h>
| #endif
| #ifdef HAVE_SYS_STAT_H
| # include <sys/stat.h>
| #endif
| #ifdef STDC_HEADERS
| # include <stdlib.h>
| # include <stddef.h>
| #else
| # ifdef HAVE_STDLIB_H
| #  include <stdlib.h>
| # endif
| #endif
| #ifdef HAVE_STRING_H
| # if !defined STDC_HEADERS && defined HAVE_MEMORY_H
| #  include <memory.h>
| # endif
| # include <string.h>
| #endif
| #ifdef HAVE_STRINGS_H
| # include <strings.h>
| #endif
| #ifdef HAVE_INTTYPES_H
| # include <inttypes.h>
| #endif
| #ifdef HAVE_STDINT_H
| # include <stdint.h>
| #endif
| #ifdef HAVE_UNISTD_H
| # include <unistd.h>
| #endif
| #include <malloc.h>
configure:11469: result: no
configure:11469: checking malloc.h presence
configure:11469: gcc -E  conftest.c
conftest.c:36:20: error: malloc.h: No such file or directory
configure:11469: $? = 1
configure: failed program was:
| /* confdefs.h */
| #define PACKAGE_NAME "libedit"
| #define PACKAGE_TARNAME "libedit-20100424"
| #define PACKAGE_VERSION "3.0"
| #define PACKAGE_STRING "libedit 3.0"
| #define PACKAGE_BUGREPORT ""
| #define PACKAGE_URL ""
| #define STDC_HEADERS 1
| #define HAVE_SYS_TYPES_H 1
| #define HAVE_SYS_STAT_H 1
| #define HAVE_STDLIB_H 1
| #define HAVE_STRING_H 1
| #define HAVE_MEMORY_H 1
| #define HAVE_STRINGS_H 1
| #define HAVE_INTTYPES_H 1
| #define HAVE_STDINT_H 1
| #define HAVE_UNISTD_H 1
| #define __EXTENSIONS__ 1
| #define _ALL_SOURCE 1
| #define _GNU_SOURCE 1
| #define _POSIX_PTHREAD_SEMANTICS 1
| #define _TANDEM_SOURCE 1
| #define PACKAGE "libedit-20100424"
| #define VERSION "3.0"
| #define HAVE_DLFCN_H 1
| #define LT_OBJDIR ".libs/"
| #define HAVE_LIBCURSES 1
| #define HAVE_ALLOCA_H 1
| #define HAVE_ALLOCA 1
| #define HAVE_DIRENT_H 1
| #define STDC_HEADERS 1
| #define HAVE_SYS_WAIT_H 1
| #define HAVE_FCNTL_H 1
| #define HAVE_LIMITS_H 1
| /* end confdefs.h.  */
| #include <malloc.h>
configure:11469: result: no
configure:11469: checking for malloc.h
configure:11469: result: no
configure:11469: checking for stdlib.h
configure:11469: result: yes
configure:11469: checking for string.h
configure:11469: result: yes
configure:11469: checking sys/ioctl.h usability
configure:11469: gcc -std=gnu99 -c -force_cpusubtype_ALL -mmacosx-version-min=10.4 -arch i386  conftest.c >&5
configure:11469: $? = 0
configure:11469: result: yes
configure:11469: checking sys/ioctl.h presence
configure:11469: gcc -E  conftest.c
configure:11469: $? = 0
configure:11469: result: yes
configure:11469: checking for sys/ioctl.h
configure:11469: result: yes
configure:11469: checking sys/param.h usability
configure:11469: gcc -std=gnu99 -c -force_cpusubtype_ALL -mmacosx-version-min=10.4 -arch i386  conftest.c >&5
configure:11469: $? = 0
configure:11469: result: yes
configure:11469: checking sys/param.h presence
configure:11469: gcc -E  conftest.c
configure:11469: $? = 0
configure:11469: result: yes
configure:11469: checking for sys/param.h
configure:11469: result: yes
configure:11469: checking for unistd.h
configure:11469: result: yes
configure:11469: checking curses.h usability
configure:11469: gcc -std=gnu99 -c -force_cpusubtype_ALL -mmacosx-version-min=10.4 -arch i386  conftest.c >&5
configure:11469: $? = 0
configure:11469: result: yes
configure:11469: checking curses.h presence
configure:11469: gcc -E  conftest.c
configure:11469: $? = 0
configure:11469: result: yes
configure:11469: checking for curses.h
configure:11469: result: yes
configure:11469: checking ncurses.h usability
configure:11469: gcc -std=gnu99 -c -force_cpusubtype_ALL -mmacosx-version-min=10.4 -arch i386  conftest.c >&5
configure:11469: $? = 0
configure:11469: result: yes
configure:11469: checking ncurses.h presence
configure:11469: gcc -E  conftest.c
configure:11469: $? = 0
configure:11469: result: yes
configure:11469: checking for ncurses.h
configure:11469: result: yes
configure:11469: checking sys/cdefs.h usability
configure:11469: gcc -std=gnu99 -c -force_cpusubtype_ALL -mmacosx-version-min=10.4 -arch i386  conftest.c >&5
configure:11469: $? = 0
configure:11469: result: yes
configure:11469: checking sys/cdefs.h presence
configure:11469: gcc -E  conftest.c
configure:11469: $? = 0
configure:11469: result: yes
configure:11469: checking for sys/cdefs.h
configure:11469: result: yes
configure:11481: checking termios.h usability
configure:11481: gcc -std=gnu99 -c -force_cpusubtype_ALL -mmacosx-version-min=10.4 -arch i386  conftest.c >&5
configure:11481: $? = 0
configure:11481: result: yes
configure:11481: checking termios.h presence
configure:11481: gcc -E  conftest.c
configure:11481: $? = 0
configure:11481: result: yes
configure:11481: checking for termios.h
configure:11481: result: yes
configure:11493: checking for term.h
configure:11493: gcc -std=gnu99 -c -force_cpusubtype_ALL -mmacosx-version-min=10.4 -arch i386  conftest.c >&5
configure:11493: $? = 0
configure:11493: result: yes
configure:11511: checking for an ANSI C-conforming const
configure:11576: gcc -std=gnu99 -c -force_cpusubtype_ALL -mmacosx-version-min=10.4 -arch i386  conftest.c >&5
configure:11576: $? = 0
configure:11583: result: yes
configure:11591: checking for pid_t
configure:11591: gcc -std=gnu99 -c -force_cpusubtype_ALL -mmacosx-version-min=10.4 -arch i386  conftest.c >&5
configure:11591: $? = 0
configure:11591: gcc -std=gnu99 -c -force_cpusubtype_ALL -mmacosx-version-min=10.4 -arch i386  conftest.c >&5
conftest.c: In function 'main':
conftest.c:81: error: expected expression before ')' token
configure:11591: $? = 1
configure: failed program was:
| /* confdefs.h */
| #define PACKAGE_NAME "libedit"
| #define PACKAGE_TARNAME "libedit-20100424"
| #define PACKAGE_VERSION "3.0"
| #define PACKAGE_STRING "libedit 3.0"
| #define PACKAGE_BUGREPORT ""
| #define PACKAGE_URL ""
| #define STDC_HEADERS 1
| #define HAVE_SYS_TYPES_H 1
| #define HAVE_SYS_STAT_H 1
| #define HAVE_STDLIB_H 1
| #define HAVE_STRING_H 1
| #define HAVE_MEMORY_H 1
| #define HAVE_STRINGS_H 1
| #define HAVE_INTTYPES_H 1
| #define HAVE_STDINT_H 1
| #define HAVE_UNISTD_H 1
| #define __EXTENSIONS__ 1
| #define _ALL_SOURCE 1
| #define _GNU_SOURCE 1
| #define _POSIX_PTHREAD_SEMANTICS 1
| #define _TANDEM_SOURCE 1
| #define PACKAGE "libedit-20100424"
| #define VERSION "3.0"
| #define HAVE_DLFCN_H 1
| #define LT_OBJDIR ".libs/"
| #define HAVE_LIBCURSES 1
| #define HAVE_ALLOCA_H 1
| #define HAVE_ALLOCA 1
| #define HAVE_DIRENT_H 1
| #define STDC_HEADERS 1
| #define HAVE_SYS_WAIT_H 1
| #define HAVE_FCNTL_H 1
| #define HAVE_LIMITS_H 1
| #define HAVE_STDLIB_H 1
| #define HAVE_STRING_H 1
| #define HAVE_SYS_IOCTL_H 1
| #define HAVE_SYS_PARAM_H 1
| #define HAVE_UNISTD_H 1
| #define HAVE_CURSES_H 1
| #define HAVE_NCURSES_H 1
| #define HAVE_SYS_CDEFS_H 1
| #define HAVE_TERM_H 1
| /* end confdefs.h.  */
| #include <stdio.h>
| #ifdef HAVE_SYS_TYPES_H
| # include <sys/types.h>
| #endif
| #ifdef HAVE_SYS_STAT_H
| # include <sys/stat.h>
| #endif
| #ifdef STDC_HEADERS
| # include <stdlib.h>
| # include <stddef.h>
| #else
| # ifdef HAVE_STDLIB_H
| #  include <stdlib.h>
| # endif
| #endif
| #ifdef HAVE_STRING_H
| # if !defined STDC_HEADERS && defined HAVE_MEMORY_H
| #  include <memory.h>
| # endif
| # include <string.h>
| #endif
| #ifdef HAVE_STRINGS_H
| # include <strings.h>
| #endif
| #ifdef HAVE_INTTYPES_H
| # include <inttypes.h>
| #endif
| #ifdef HAVE_STDINT_H
| # include <stdint.h>
| #endif
| #ifdef HAVE_UNISTD_H
| # include <unistd.h>
| #endif
| int
| main ()
| {
| if (sizeof ((pid_t)))
| 	    return 0;
|   ;
|   return 0;
| }
configure:11591: result: yes
configure:11602: checking for size_t
configure:11602: gcc -std=gnu99 -c -force_cpusubtype_ALL -mmacosx-version-min=10.4 -arch i386  conftest.c >&5
configure:11602: $? = 0
configure:11602: gcc -std=gnu99 -c -force_cpusubtype_ALL -mmacosx-version-min=10.4 -arch i386  conftest.c >&5
conftest.c: In function 'main':
conftest.c:81: error: expected expression before ')' token
configure:11602: $? = 1
configure: failed program was:
| /* confdefs.h */
| #define PACKAGE_NAME "libedit"
| #define PACKAGE_TARNAME "libedit-20100424"
| #define PACKAGE_VERSION "3.0"
| #define PACKAGE_STRING "libedit 3.0"
| #define PACKAGE_BUGREPORT ""
| #define PACKAGE_URL ""
| #define STDC_HEADERS 1
| #define HAVE_SYS_TYPES_H 1
| #define HAVE_SYS_STAT_H 1
| #define HAVE_STDLIB_H 1
| #define HAVE_STRING_H 1
| #define HAVE_MEMORY_H 1
| #define HAVE_STRINGS_H 1
| #define HAVE_INTTYPES_H 1
| #define HAVE_STDINT_H 1
| #define HAVE_UNISTD_H 1
| #define __EXTENSIONS__ 1
| #define _ALL_SOURCE 1
| #define _GNU_SOURCE 1
| #define _POSIX_PTHREAD_SEMANTICS 1
| #define _TANDEM_SOURCE 1
| #define PACKAGE "libedit-20100424"
| #define VERSION "3.0"
| #define HAVE_DLFCN_H 1
| #define LT_OBJDIR ".libs/"
| #define HAVE_LIBCURSES 1
| #define HAVE_ALLOCA_H 1
| #define HAVE_ALLOCA 1
| #define HAVE_DIRENT_H 1
| #define STDC_HEADERS 1
| #define HAVE_SYS_WAIT_H 1
| #define HAVE_FCNTL_H 1
| #define HAVE_LIMITS_H 1
| #define HAVE_STDLIB_H 1
| #define HAVE_STRING_H 1
| #define HAVE_SYS_IOCTL_H 1
| #define HAVE_SYS_PARAM_H 1
| #define HAVE_UNISTD_H 1
| #define HAVE_CURSES_H 1
| #define HAVE_NCURSES_H 1
| #define HAVE_SYS_CDEFS_H 1
| #define HAVE_TERM_H 1
| /* end confdefs.h.  */
| #include <stdio.h>
| #ifdef HAVE_SYS_TYPES_H
| # include <sys/types.h>
| #endif
| #ifdef HAVE_SYS_STAT_H
| # include <sys/stat.h>
| #endif
| #ifdef STDC_HEADERS
| # include <stdlib.h>
| # include <stddef.h>
| #else
| # ifdef HAVE_STDLIB_H
| #  include <stdlib.h>
| # endif
| #endif
| #ifdef HAVE_STRING_H
| # if !defined STDC_HEADERS && defined HAVE_MEMORY_H
| #  include <memory.h>
| # endif
| # include <string.h>
| #endif
| #ifdef HAVE_STRINGS_H
| # include <strings.h>
| #endif
| #ifdef HAVE_INTTYPES_H
| # include <inttypes.h>
| #endif
| #ifdef HAVE_STDINT_H
| # include <stdint.h>
| #endif
| #ifdef HAVE_UNISTD_H
| # include <unistd.h>
| #endif
| int
| main ()
| {
| if (sizeof ((size_t)))
| 	    return 0;
|   ;
|   return 0;
| }
configure:11602: result: yes
configure:11613: checking for u_int32_t
configure:11613: gcc -std=gnu99 -c -force_cpusubtype_ALL -mmacosx-version-min=10.4 -arch i386  conftest.c >&5
configure:11613: $? = 0
configure:11613: gcc -std=gnu99 -c -force_cpusubtype_ALL -mmacosx-version-min=10.4 -arch i386  conftest.c >&5
conftest.c: In function 'main':
conftest.c:81: error: expected expression before ')' token
configure:11613: $? = 1
configure: failed program was:
| /* confdefs.h */
| #define PACKAGE_NAME "libedit"
| #define PACKAGE_TARNAME "libedit-20100424"
| #define PACKAGE_VERSION "3.0"
| #define PACKAGE_STRING "libedit 3.0"
| #define PACKAGE_BUGREPORT ""
| #define PACKAGE_URL ""
| #define STDC_HEADERS 1
| #define HAVE_SYS_TYPES_H 1
| #define HAVE_SYS_STAT_H 1
| #define HAVE_STDLIB_H 1
| #define HAVE_STRING_H 1
| #define HAVE_MEMORY_H 1
| #define HAVE_STRINGS_H 1
| #define HAVE_INTTYPES_H 1
| #define HAVE_STDINT_H 1
| #define HAVE_UNISTD_H 1
| #define __EXTENSIONS__ 1
| #define _ALL_SOURCE 1
| #define _GNU_SOURCE 1
| #define _POSIX_PTHREAD_SEMANTICS 1
| #define _TANDEM_SOURCE 1
| #define PACKAGE "libedit-20100424"
| #define VERSION "3.0"
| #define HAVE_DLFCN_H 1
| #define LT_OBJDIR ".libs/"
| #define HAVE_LIBCURSES 1
| #define HAVE_ALLOCA_H 1
| #define HAVE_ALLOCA 1
| #define HAVE_DIRENT_H 1
| #define STDC_HEADERS 1
| #define HAVE_SYS_WAIT_H 1
| #define HAVE_FCNTL_H 1
| #define HAVE_LIMITS_H 1
| #define HAVE_STDLIB_H 1
| #define HAVE_STRING_H 1
| #define HAVE_SYS_IOCTL_H 1
| #define HAVE_SYS_PARAM_H 1
| #define HAVE_UNISTD_H 1
| #define HAVE_CURSES_H 1
| #define HAVE_NCURSES_H 1
| #define HAVE_SYS_CDEFS_H 1
| #define HAVE_TERM_H 1
| /* end confdefs.h.  */
| #include <stdio.h>
| #ifdef HAVE_SYS_TYPES_H
| # include <sys/types.h>
| #endif
| #ifdef HAVE_SYS_STAT_H
| # include <sys/stat.h>
| #endif
| #ifdef STDC_HEADERS
| # include <stdlib.h>
| # include <stddef.h>
| #else
| # ifdef HAVE_STDLIB_H
| #  include <stdlib.h>
| # endif
| #endif
| #ifdef HAVE_STRING_H
| # if !defined STDC_HEADERS && defined HAVE_MEMORY_H
| #  include <memory.h>
| # endif
| # include <string.h>
| #endif
| #ifdef HAVE_STRINGS_H
| # include <strings.h>
| #endif
| #ifdef HAVE_INTTYPES_H
| # include <inttypes.h>
| #endif
| #ifdef HAVE_STDINT_H
| # include <stdint.h>
| #endif
| #ifdef HAVE_UNISTD_H
| # include <unistd.h>
| #endif
| int
| main ()
| {
| if (sizeof ((u_int32_t)))
| 	    return 0;
|   ;
|   return 0;
| }
configure:11613: result: yes
configure:11625: checking whether closedir returns void
configure:11649: gcc -std=gnu99 -o conftest -force_cpusubtype_ALL -mmacosx-version-min=10.4 -arch i386  -force_cpusubtype_ALL -mmacosx-version-min=10.4 -arch i386 conftest.c -lcurses  >&5
configure:11649: $? = 0
configure:11649: ./conftest
configure:11649: $? = 0
configure:11659: result: no
configure:11669: checking vfork.h usability
configure:11669: gcc -std=gnu99 -c -force_cpusubtype_ALL -mmacosx-version-min=10.4 -arch i386  conftest.c >&5
conftest.c:79:19: error: vfork.h: No such file or directory
configure:11669: $? = 1
configure: failed program was:
| /* confdefs.h */
| #define PACKAGE_NAME "libedit"
| #define PACKAGE_TARNAME "libedit-20100424"
| #define PACKAGE_VERSION "3.0"
| #define PACKAGE_STRING "libedit 3.0"
| #define PACKAGE_BUGREPORT ""
| #define PACKAGE_URL ""
| #define STDC_HEADERS 1
| #define HAVE_SYS_TYPES_H 1
| #define HAVE_SYS_STAT_H 1
| #define HAVE_STDLIB_H 1
| #define HAVE_STRING_H 1
| #define HAVE_MEMORY_H 1
| #define HAVE_STRINGS_H 1
| #define HAVE_INTTYPES_H 1
| #define HAVE_STDINT_H 1
| #define HAVE_UNISTD_H 1
| #define __EXTENSIONS__ 1
| #define _ALL_SOURCE 1
| #define _GNU_SOURCE 1
| #define _POSIX_PTHREAD_SEMANTICS 1
| #define _TANDEM_SOURCE 1
| #define PACKAGE "libedit-20100424"
| #define VERSION "3.0"
| #define HAVE_DLFCN_H 1
| #define LT_OBJDIR ".libs/"
| #define HAVE_LIBCURSES 1
| #define HAVE_ALLOCA_H 1
| #define HAVE_ALLOCA 1
| #define HAVE_DIRENT_H 1
| #define STDC_HEADERS 1
| #define HAVE_SYS_WAIT_H 1
| #define HAVE_FCNTL_H 1
| #define HAVE_LIMITS_H 1
| #define HAVE_STDLIB_H 1
| #define HAVE_STRING_H 1
| #define HAVE_SYS_IOCTL_H 1
| #define HAVE_SYS_PARAM_H 1
| #define HAVE_UNISTD_H 1
| #define HAVE_CURSES_H 1
| #define HAVE_NCURSES_H 1
| #define HAVE_SYS_CDEFS_H 1
| #define HAVE_TERM_H 1
| #define HAVE_U_INT32_T 1
| /* end confdefs.h.  */
| #include <stdio.h>
| #ifdef HAVE_SYS_TYPES_H
| # include <sys/types.h>
| #endif
| #ifdef HAVE_SYS_STAT_H
| # include <sys/stat.h>
| #endif
| #ifdef STDC_HEADERS
| # include <stdlib.h>
| # include <stddef.h>
| #else
| # ifdef HAVE_STDLIB_H
| #  include <stdlib.h>
| # endif
| #endif
| #ifdef HAVE_STRING_H
| # if !defined STDC_HEADERS && defined HAVE_MEMORY_H
| #  include <memory.h>
| # endif
| # include <string.h>
| #endif
| #ifdef HAVE_STRINGS_H
| # include <strings.h>
| #endif
| #ifdef HAVE_INTTYPES_H
| # include <inttypes.h>
| #endif
| #ifdef HAVE_STDINT_H
| # include <stdint.h>
| #endif
| #ifdef HAVE_UNISTD_H
| # include <unistd.h>
| #endif
| #include <vfork.h>
configure:11669: result: no
configure:11669: checking vfork.h presence
configure:11669: gcc -E  conftest.c
conftest.c:46:19: error: vfork.h: No such file or directory
configure:11669: $? = 1
configure: failed program was:
| /* confdefs.h */
| #define PACKAGE_NAME "libedit"
| #define PACKAGE_TARNAME "libedit-20100424"
| #define PACKAGE_VERSION "3.0"
| #define PACKAGE_STRING "libedit 3.0"
| #define PACKAGE_BUGREPORT ""
| #define PACKAGE_URL ""
| #define STDC_HEADERS 1
| #define HAVE_SYS_TYPES_H 1
| #define HAVE_SYS_STAT_H 1
| #define HAVE_STDLIB_H 1
| #define HAVE_STRING_H 1
| #define HAVE_MEMORY_H 1
| #define HAVE_STRINGS_H 1
| #define HAVE_INTTYPES_H 1
| #define HAVE_STDINT_H 1
| #define HAVE_UNISTD_H 1
| #define __EXTENSIONS__ 1
| #define _ALL_SOURCE 1
| #define _GNU_SOURCE 1
| #define _POSIX_PTHREAD_SEMANTICS 1
| #define _TANDEM_SOURCE 1
| #define PACKAGE "libedit-20100424"
| #define VERSION "3.0"
| #define HAVE_DLFCN_H 1
| #define LT_OBJDIR ".libs/"
| #define HAVE_LIBCURSES 1
| #define HAVE_ALLOCA_H 1
| #define HAVE_ALLOCA 1
| #define HAVE_DIRENT_H 1
| #define STDC_HEADERS 1
| #define HAVE_SYS_WAIT_H 1
| #define HAVE_FCNTL_H 1
| #define HAVE_LIMITS_H 1
| #define HAVE_STDLIB_H 1
| #define HAVE_STRING_H 1
| #define HAVE_SYS_IOCTL_H 1
| #define HAVE_SYS_PARAM_H 1
| #define HAVE_UNISTD_H 1
| #define HAVE_CURSES_H 1
| #define HAVE_NCURSES_H 1
| #define HAVE_SYS_CDEFS_H 1
| #define HAVE_TERM_H 1
| #define HAVE_U_INT32_T 1
| /* end confdefs.h.  */
| #include <vfork.h>
configure:11669: result: no
configure:11669: checking for vfork.h
configure:11669: result: no
configure:11682: checking for fork
configure:11682: gcc -std=gnu99 -o conftest -force_cpusubtype_ALL -mmacosx-version-min=10.4 -arch i386  -force_cpusubtype_ALL -mmacosx-version-min=10.4 -arch i386 conftest.c -lcurses  >&5
conftest.c:69: warning: conflicting types for built-in function 'fork'
configure:11682: $? = 0
configure:11682: result: yes
configure:11682: checking for vfork
configure:11682: gcc -std=gnu99 -o conftest -force_cpusubtype_ALL -mmacosx-version-min=10.4 -arch i386  -force_cpusubtype_ALL -mmacosx-version-min=10.4 -arch i386 conftest.c -lcurses  >&5
configure:11682: $? = 0
configure:11682: result: yes
configure:11693: checking for working fork
configure:11715: gcc -std=gnu99 -o conftest -force_cpusubtype_ALL -mmacosx-version-min=10.4 -arch i386  -force_cpusubtype_ALL -mmacosx-version-min=10.4 -arch i386 conftest.c -lcurses  >&5
configure:11715: $? = 0
configure:11715: ./conftest
configure:11715: $? = 0
configure:11725: result: yes
configure:11746: checking for working vfork
configure:11856: result: yes
configure:11882: checking whether gcc -std=gnu99 needs -traditional
conftest.c:50:20: error: termio.h: No such file or directory
configure:11916: result: no
configure:11926: checking return type of signal handlers
configure:11944: gcc -std=gnu99 -c -force_cpusubtype_ALL -mmacosx-version-min=10.4 -arch i386  conftest.c >&5
conftest.c: In function 'main':
conftest.c:56: error: void value not ignored as it ought to be
configure:11944: $? = 1
configure: failed program was:
| /* confdefs.h */
| #define PACKAGE_NAME "libedit"
| #define PACKAGE_TARNAME "libedit-20100424"
| #define PACKAGE_VERSION "3.0"
| #define PACKAGE_STRING "libedit 3.0"
| #define PACKAGE_BUGREPORT ""
| #define PACKAGE_URL ""
| #define STDC_HEADERS 1
| #define HAVE_SYS_TYPES_H 1
| #define HAVE_SYS_STAT_H 1
| #define HAVE_STDLIB_H 1
| #define HAVE_STRING_H 1
| #define HAVE_MEMORY_H 1
| #define HAVE_STRINGS_H 1
| #define HAVE_INTTYPES_H 1
| #define HAVE_STDINT_H 1
| #define HAVE_UNISTD_H 1
| #define __EXTENSIONS__ 1
| #define _ALL_SOURCE 1
| #define _GNU_SOURCE 1
| #define _POSIX_PTHREAD_SEMANTICS 1
| #define _TANDEM_SOURCE 1
| #define PACKAGE "libedit-20100424"
| #define VERSION "3.0"
| #define HAVE_DLFCN_H 1
| #define LT_OBJDIR ".libs/"
| #define HAVE_LIBCURSES 1
| #define HAVE_ALLOCA_H 1
| #define HAVE_ALLOCA 1
| #define HAVE_DIRENT_H 1
| #define STDC_HEADERS 1
| #define HAVE_SYS_WAIT_H 1
| #define HAVE_FCNTL_H 1
| #define HAVE_LIMITS_H 1
| #define HAVE_STDLIB_H 1
| #define HAVE_STRING_H 1
| #define HAVE_SYS_IOCTL_H 1
| #define HAVE_SYS_PARAM_H 1
| #define HAVE_UNISTD_H 1
| #define HAVE_CURSES_H 1
| #define HAVE_NCURSES_H 1
| #define HAVE_SYS_CDEFS_H 1
| #define HAVE_TERM_H 1
| #define HAVE_U_INT32_T 1
| #define HAVE_FORK 1
| #define HAVE_VFORK 1
| #define HAVE_WORKING_VFORK 1
| #define HAVE_WORKING_FORK 1
| /* end confdefs.h.  */
| #include <sys/types.h>
| #include <signal.h>
| 
| int
| main ()
| {
| return *(signal (0, 0)) (0) == 1;
|   ;
|   return 0;
| }
configure:11951: result: void
configure:11959: checking whether lstat correctly handles trailing slash
configure:11985: gcc -std=gnu99 -o conftest -force_cpusubtype_ALL -mmacosx-version-min=10.4 -arch i386  -force_cpusubtype_ALL -mmacosx-version-min=10.4 -arch i386 conftest.c -lcurses  >&5
configure:11985: $? = 0
configure:11985: ./conftest
configure:11985: $? = 1
configure: program exited with status 1
configure: failed program was:
| /* confdefs.h */
| #define PACKAGE_NAME "libedit"
| #define PACKAGE_TARNAME "libedit-20100424"
| #define PACKAGE_VERSION "3.0"
| #define PACKAGE_STRING "libedit 3.0"
| #define PACKAGE_BUGREPORT ""
| #define PACKAGE_URL ""
| #define STDC_HEADERS 1
| #define HAVE_SYS_TYPES_H 1
| #define HAVE_SYS_STAT_H 1
| #define HAVE_STDLIB_H 1
| #define HAVE_STRING_H 1
| #define HAVE_MEMORY_H 1
| #define HAVE_STRINGS_H 1
| #define HAVE_INTTYPES_H 1
| #define HAVE_STDINT_H 1
| #define HAVE_UNISTD_H 1
| #define __EXTENSIONS__ 1
| #define _ALL_SOURCE 1
| #define _GNU_SOURCE 1
| #define _POSIX_PTHREAD_SEMANTICS 1
| #define _TANDEM_SOURCE 1
| #define PACKAGE "libedit-20100424"
| #define VERSION "3.0"
| #define HAVE_DLFCN_H 1
| #define LT_OBJDIR ".libs/"
| #define HAVE_LIBCURSES 1
| #define HAVE_ALLOCA_H 1
| #define HAVE_ALLOCA 1
| #define HAVE_DIRENT_H 1
| #define STDC_HEADERS 1
| #define HAVE_SYS_WAIT_H 1
| #define HAVE_FCNTL_H 1
| #define HAVE_LIMITS_H 1
| #define HAVE_STDLIB_H 1
| #define HAVE_STRING_H 1
| #define HAVE_SYS_IOCTL_H 1
| #define HAVE_SYS_PARAM_H 1
| #define HAVE_UNISTD_H 1
| #define HAVE_CURSES_H 1
| #define HAVE_NCURSES_H 1
| #define HAVE_SYS_CDEFS_H 1
| #define HAVE_TERM_H 1
| #define HAVE_U_INT32_T 1
| #define HAVE_FORK 1
| #define HAVE_VFORK 1
| #define HAVE_WORKING_VFORK 1
| #define HAVE_WORKING_FORK 1
| #define RETSIGTYPE void
| /* end confdefs.h.  */
| #include <stdio.h>
| #ifdef HAVE_SYS_TYPES_H
| # include <sys/types.h>
| #endif
| #ifdef HAVE_SYS_STAT_H
| # include <sys/stat.h>
| #endif
| #ifdef STDC_HEADERS
| # include <stdlib.h>
| # include <stddef.h>
| #else
| # ifdef HAVE_STDLIB_H
| #  include <stdlib.h>
| # endif
| #endif
| #ifdef HAVE_STRING_H
| # if !defined STDC_HEADERS && defined HAVE_MEMORY_H
| #  include <memory.h>
| # endif
| # include <string.h>
| #endif
| #ifdef HAVE_STRINGS_H
| # include <strings.h>
| #endif
| #ifdef HAVE_INTTYPES_H
| # include <inttypes.h>
| #endif
| #ifdef HAVE_STDINT_H
| # include <stdint.h>
| #endif
| #ifdef HAVE_UNISTD_H
| # include <unistd.h>
| #endif
| int
| main ()
| {
| struct stat sbuf;
|      /* Linux will dereference the symlink and fail, as required by POSIX.
| 	That is better in the sense that it means we will not
| 	have to compile and use the lstat wrapper.  */
|      return lstat ("conftest.sym/", &sbuf) == 0;
|   ;
|   return 0;
| }
configure:12002: result: no
configure:12021: checking whether stat accepts an empty string
configure:12041: gcc -std=gnu99 -o conftest -force_cpusubtype_ALL -mmacosx-version-min=10.4 -arch i386  -force_cpusubtype_ALL -mmacosx-version-min=10.4 -arch i386 conftest.c -lcurses  >&5
configure:12041: $? = 0
configure:12041: ./conftest
configure:12041: $? = 0
configure:12051: result: no
configure:12070: checking for endpwent
configure:12070: gcc -std=gnu99 -o conftest -force_cpusubtype_ALL -mmacosx-version-min=10.4 -arch i386  -force_cpusubtype_ALL -mmacosx-version-min=10.4 -arch i386 conftest.c -lcurses  >&5
configure:12070: $? = 0
configure:12070: result: yes
configure:12070: checking for isascii
configure:12070: gcc -std=gnu99 -o conftest -force_cpusubtype_ALL -mmacosx-version-min=10.4 -arch i386  -force_cpusubtype_ALL -mmacosx-version-min=10.4 -arch i386 conftest.c -lcurses  >&5
conftest.c:75: warning: conflicting types for built-in function 'isascii'
configure:12070: $? = 0
configure:12070: result: yes
configure:12070: checking for memchr
configure:12070: gcc -std=gnu99 -o conftest -force_cpusubtype_ALL -mmacosx-version-min=10.4 -arch i386  -force_cpusubtype_ALL -mmacosx-version-min=10.4 -arch i386 conftest.c -lcurses  >&5
configure:12070: $? = 0
configure:12070: result: yes
configure:12070: checking for memset
configure:12070: gcc -std=gnu99 -o conftest -force_cpusubtype_ALL -mmacosx-version-min=10.4 -arch i386  -force_cpusubtype_ALL -mmacosx-version-min=10.4 -arch i386 conftest.c -lcurses  >&5
conftest.c:77: warning: conflicting types for built-in function 'memset'
configure:12070: $? = 0
configure:12070: result: yes
configure:12070: checking for re_comp
configure:12070: gcc -std=gnu99 -o conftest -force_cpusubtype_ALL -mmacosx-version-min=10.4 -arch i386  -force_cpusubtype_ALL -mmacosx-version-min=10.4 -arch i386 conftest.c -lcurses  >&5
Undefined symbols for architecture i386:
  "_re_comp", referenced from:
      _main in ccxouXp5.o
ld: symbol(s) not found for architecture i386
collect2: ld returned 1 exit status
configure:12070: $? = 1
configure: failed program was:
| /* confdefs.h */
| #define PACKAGE_NAME "libedit"
| #define PACKAGE_TARNAME "libedit-20100424"
| #define PACKAGE_VERSION "3.0"
| #define PACKAGE_STRING "libedit 3.0"
| #define PACKAGE_BUGREPORT ""
| #define PACKAGE_URL ""
| #define STDC_HEADERS 1
| #define HAVE_SYS_TYPES_H 1
| #define HAVE_SYS_STAT_H 1
| #define HAVE_STDLIB_H 1
| #define HAVE_STRING_H 1
| #define HAVE_MEMORY_H 1
| #define HAVE_STRINGS_H 1
| #define HAVE_INTTYPES_H 1
| #define HAVE_STDINT_H 1
| #define HAVE_UNISTD_H 1
| #define __EXTENSIONS__ 1
| #define _ALL_SOURCE 1
| #define _GNU_SOURCE 1
| #define _POSIX_PTHREAD_SEMANTICS 1
| #define _TANDEM_SOURCE 1
| #define PACKAGE "libedit-20100424"
| #define VERSION "3.0"
| #define HAVE_DLFCN_H 1
| #define LT_OBJDIR ".libs/"
| #define HAVE_LIBCURSES 1
| #define HAVE_ALLOCA_H 1
| #define HAVE_ALLOCA 1
| #define HAVE_DIRENT_H 1
| #define STDC_HEADERS 1
| #define HAVE_SYS_WAIT_H 1
| #define HAVE_FCNTL_H 1
| #define HAVE_LIMITS_H 1
| #define HAVE_STDLIB_H 1
| #define HAVE_STRING_H 1
| #define HAVE_SYS_IOCTL_H 1
| #define HAVE_SYS_PARAM_H 1
| #define HAVE_UNISTD_H 1
| #define HAVE_CURSES_H 1
| #define HAVE_NCURSES_H 1
| #define HAVE_SYS_CDEFS_H 1
| #define HAVE_TERM_H 1
| #define HAVE_U_INT32_T 1
| #define HAVE_FORK 1
| #define HAVE_VFORK 1
| #define HAVE_WORKING_VFORK 1
| #define HAVE_WORKING_FORK 1
| #define RETSIGTYPE void
| #define HAVE_ENDPWENT 1
| #define HAVE_ISASCII 1
| #define HAVE_MEMCHR 1
| #define HAVE_MEMSET 1
| /* end confdefs.h.  */
| /* Define re_comp to an innocuous variant, in case <limits.h> declares re_comp.
|    For example, HP-UX 11i <limits.h> declares gettimeofday.  */
| #define re_comp innocuous_re_comp
| 
| /* System header to define __stub macros and hopefully few prototypes,
|     which can conflict with char re_comp (); below.
|     Prefer <limits.h> to <assert.h> if __STDC__ is defined, since
|     <limits.h> exists even on freestanding compilers.  */
| 
| #ifdef __STDC__
| # include <limits.h>
| #else
| # include <assert.h>
| #endif
| 
| #undef re_comp
| 
| /* Override any GCC internal prototype to avoid an error.
|    Use char because int might match the return type of a GCC
|    builtin and then its argument prototype would still apply.  */
| #ifdef __cplusplus
| extern "C"
| #endif
| char re_comp ();
| /* The GNU C library defines this for functions which it implements
|     to always fail with ENOSYS.  Some functions are actually named
|     something starting with __ and the normal name is an alias.  */
| #if defined __stub_re_comp || defined __stub___re_comp
| choke me
| #endif
| 
| int
| main ()
| {
| return re_comp ();
|   ;
|   return 0;
| }
configure:12070: result: no
configure:12070: checking for regcomp
configure:12070: gcc -std=gnu99 -o conftest -force_cpusubtype_ALL -mmacosx-version-min=10.4 -arch i386  -force_cpusubtype_ALL -mmacosx-version-min=10.4 -arch i386 conftest.c -lcurses  >&5
configure:12070: $? = 0
configure:12070: result: yes
configure:12070: checking for strcasecmp
configure:12070: gcc -std=gnu99 -o conftest -force_cpusubtype_ALL -mmacosx-version-min=10.4 -arch i386  -force_cpusubtype_ALL -mmacosx-version-min=10.4 -arch i386 conftest.c -lcurses  >&5
conftest.c:79: warning: conflicting types for built-in function 'strcasecmp'
configure:12070: $? = 0
configure:12070: result: yes
configure:12070: checking for strchr
configure:12070: gcc -std=gnu99 -o conftest -force_cpusubtype_ALL -mmacosx-version-min=10.4 -arch i386  -force_cpusubtype_ALL -mmacosx-version-min=10.4 -arch i386 conftest.c -lcurses  >&5
conftest.c:80: warning: conflicting types for built-in function 'strchr'
configure:12070: $? = 0
configure:12070: result: yes
configure:12070: checking for strcspn
configure:12070: gcc -std=gnu99 -o conftest -force_cpusubtype_ALL -mmacosx-version-min=10.4 -arch i386  -force_cpusubtype_ALL -mmacosx-version-min=10.4 -arch i386 conftest.c -lcurses  >&5
conftest.c:81: warning: conflicting types for built-in function 'strcspn'
configure:12070: $? = 0
configure:12070: result: yes
configure:12070: checking for strdup
configure:12070: gcc -std=gnu99 -o conftest -force_cpusubtype_ALL -mmacosx-version-min=10.4 -arch i386  -force_cpusubtype_ALL -mmacosx-version-min=10.4 -arch i386 conftest.c -lcurses  >&5
conftest.c:82: warning: conflicting types for built-in function 'strdup'
configure:12070: $? = 0
configure:12070: result: yes
configure:12070: checking for strerror
configure:12070: gcc -std=gnu99 -o conftest -force_cpusubtype_ALL -mmacosx-version-min=10.4 -arch i386  -force_cpusubtype_ALL -mmacosx-version-min=10.4 -arch i386 conftest.c -lcurses  >&5
configure:12070: $? = 0
configure:12070: result: yes
configure:12070: checking for strrchr
configure:12070: gcc -std=gnu99 -o conftest -force_cpusubtype_ALL -mmacosx-version-min=10.4 -arch i386  -force_cpusubtype_ALL -mmacosx-version-min=10.4 -arch i386 conftest.c -lcurses  >&5
conftest.c:84: warning: conflicting types for built-in function 'strrchr'
configure:12070: $? = 0
configure:12070: result: yes
configure:12070: checking for strstr
configure:12070: gcc -std=gnu99 -o conftest -force_cpusubtype_ALL -mmacosx-version-min=10.4 -arch i386  -force_cpusubtype_ALL -mmacosx-version-min=10.4 -arch i386 conftest.c -lcurses  >&5
conftest.c:85: warning: conflicting types for built-in function 'strstr'
configure:12070: $? = 0
configure:12070: result: yes
configure:12070: checking for strtol
configure:12070: gcc -std=gnu99 -o conftest -force_cpusubtype_ALL -mmacosx-version-min=10.4 -arch i386  -force_cpusubtype_ALL -mmacosx-version-min=10.4 -arch i386 conftest.c -lcurses  >&5
configure:12070: $? = 0
configure:12070: result: yes
configure:12070: checking for issetugid
configure:12070: gcc -std=gnu99 -o conftest -force_cpusubtype_ALL -mmacosx-version-min=10.4 -arch i386  -force_cpusubtype_ALL -mmacosx-version-min=10.4 -arch i386 conftest.c -lcurses  >&5
configure:12070: $? = 0
configure:12070: result: yes
configure:12070: checking for wcsdup
configure:12070: gcc -std=gnu99 -o conftest -force_cpusubtype_ALL -mmacosx-version-min=10.4 -arch i386  -force_cpusubtype_ALL -mmacosx-version-min=10.4 -arch i386 conftest.c -lcurses  >&5
configure:12070: $? = 0
configure:12070: result: yes
configure:12081: checking whether getpwnam_r and getpwuid_r are posix like
configure:12100: gcc -std=gnu99 -o conftest -force_cpusubtype_ALL -mmacosx-version-min=10.4 -arch i386  -force_cpusubtype_ALL -mmacosx-version-min=10.4 -arch i386 conftest.c -lcurses  >&5
configure:12100: $? = 0
configure:12104: result: yes
configure:12114: checking whether getpwnam_r and getpwuid_r are posix _draft_ like
configure:12133: gcc -std=gnu99 -o conftest -force_cpusubtype_ALL -mmacosx-version-min=10.4 -arch i386  -force_cpusubtype_ALL -mmacosx-version-min=10.4 -arch i386 conftest.c -lcurses  >&5
conftest.c: In function 'main':
conftest.c:73: error: too few arguments to function 'getpwnam_r'
conftest.c:74: error: too few arguments to function 'getpwuid_r'
configure:12133: $? = 1
configure: failed program was:
| /* confdefs.h */
| #define PACKAGE_NAME "libedit"
| #define PACKAGE_TARNAME "libedit-20100424"
| #define PACKAGE_VERSION "3.0"
| #define PACKAGE_STRING "libedit 3.0"
| #define PACKAGE_BUGREPORT ""
| #define PACKAGE_URL ""
| #define STDC_HEADERS 1
| #define HAVE_SYS_TYPES_H 1
| #define HAVE_SYS_STAT_H 1
| #define HAVE_STDLIB_H 1
| #define HAVE_STRING_H 1
| #define HAVE_MEMORY_H 1
| #define HAVE_STRINGS_H 1
| #define HAVE_INTTYPES_H 1
| #define HAVE_STDINT_H 1
| #define HAVE_UNISTD_H 1
| #define __EXTENSIONS__ 1
| #define _ALL_SOURCE 1
| #define _GNU_SOURCE 1
| #define _POSIX_PTHREAD_SEMANTICS 1
| #define _TANDEM_SOURCE 1
| #define PACKAGE "libedit-20100424"
| #define VERSION "3.0"
| #define HAVE_DLFCN_H 1
| #define LT_OBJDIR ".libs/"
| #define HAVE_LIBCURSES 1
| #define HAVE_ALLOCA_H 1
| #define HAVE_ALLOCA 1
| #define HAVE_DIRENT_H 1
| #define STDC_HEADERS 1
| #define HAVE_SYS_WAIT_H 1
| #define HAVE_FCNTL_H 1
| #define HAVE_LIMITS_H 1
| #define HAVE_STDLIB_H 1
| #define HAVE_STRING_H 1
| #define HAVE_SYS_IOCTL_H 1
| #define HAVE_SYS_PARAM_H 1
| #define HAVE_UNISTD_H 1
| #define HAVE_CURSES_H 1
| #define HAVE_NCURSES_H 1
| #define HAVE_SYS_CDEFS_H 1
| #define HAVE_TERM_H 1
| #define HAVE_U_INT32_T 1
| #define HAVE_FORK 1
| #define HAVE_VFORK 1
| #define HAVE_WORKING_VFORK 1
| #define HAVE_WORKING_FORK 1
| #define RETSIGTYPE void
| #define HAVE_ENDPWENT 1
| #define HAVE_ISASCII 1
| #define HAVE_MEMCHR 1
| #define HAVE_MEMSET 1
| #define HAVE_REGCOMP 1
| #define HAVE_STRCASECMP 1
| #define HAVE_STRCHR 1
| #define HAVE_STRCSPN 1
| #define HAVE_STRDUP 1
| #define HAVE_STRERROR 1
| #define HAVE_STRRCHR 1
| #define HAVE_STRSTR 1
| #define HAVE_STRTOL 1
| #define HAVE_ISSETUGID 1
| #define HAVE_WCSDUP 1
| #define HAVE_GETPW_R_POSIX 1
| /* end confdefs.h.  */
| #include <stdlib.h>
|                 #include <sys/types.h>
|                 #include <pwd.h>
| int
| main ()
| {
| getpwnam_r(NULL, NULL, NULL, (size_t)0);
|                 getpwuid_r((uid_t)0, NULL, NULL, (size_t)0);
|   ;
|   return 0;
| }
configure:12140: result: no
configure:12274: creating ./config.status

## ---------------------- ##
## Running config.status. ##
## ---------------------- ##

This file was extended by libedit config.status 3.0, which was
generated by GNU Autoconf 2.65.  Invocation command line was

  CONFIG_FILES    = 
  CONFIG_HEADERS  = 
  CONFIG_LINKS    = 
  CONFIG_COMMANDS = 
  $ ./config.status 

on Alexanders-MBP-11-SSD.local

config.status:1115: creating Makefile
config.status:1115: creating libedit.pc
config.status:1115: creating src/Makefile
config.status:1115: creating doc/Makefile
config.status:1115: creating examples/Makefile
config.status:1115: creating config.h
config.status:1335: executing depfiles commands
config.status:1335: executing libtool commands

## ---------------- ##
## Cache variables. ##
## ---------------- ##

ac_cv_build=x86_64-apple-darwin11.2.0
ac_cv_c_compiler_gnu=yes
ac_cv_c_const=yes
ac_cv_env_CC_set=
ac_cv_env_CC_value=
ac_cv_env_CFLAGS_set=set
ac_cv_env_CFLAGS_value='-force_cpusubtype_ALL -mmacosx-version-min=10.4 -arch i386'
ac_cv_env_CPPFLAGS_set=
ac_cv_env_CPPFLAGS_value=
ac_cv_env_CPP_set=
ac_cv_env_CPP_value=
ac_cv_env_LDFLAGS_set=set
ac_cv_env_LDFLAGS_value='-force_cpusubtype_ALL -mmacosx-version-min=10.4 -arch i386'
ac_cv_env_LIBS_set=
ac_cv_env_LIBS_value=
ac_cv_env_build_alias_set=
ac_cv_env_build_alias_value=
ac_cv_env_host_alias_set=
ac_cv_env_host_alias_value=
ac_cv_env_target_alias_set=
ac_cv_env_target_alias_value=
ac_cv_func_alloca_works=yes
ac_cv_func_closedir_void=no
ac_cv_func_endpwent=yes
ac_cv_func_fork=yes
ac_cv_func_fork_works=yes
ac_cv_func_isascii=yes
ac_cv_func_issetugid=yes
ac_cv_func_lstat_dereferences_slashed_symlink=no
ac_cv_func_memchr=yes
ac_cv_func_memset=yes
ac_cv_func_re_comp=no
ac_cv_func_regcomp=yes
ac_cv_func_stat_empty_string_bug=no
ac_cv_func_strcasecmp=yes
ac_cv_func_strchr=yes
ac_cv_func_strcspn=yes
ac_cv_func_strdup=yes
ac_cv_func_strerror=yes
ac_cv_func_strrchr=yes
ac_cv_func_strstr=yes
ac_cv_func_strtol=yes
ac_cv_func_vfork=yes
ac_cv_func_vfork_works=yes
ac_cv_func_wcsdup=yes
ac_cv_header_curses_h=yes
ac_cv_header_dirent_dirent_h=yes
ac_cv_header_dlfcn_h=yes
ac_cv_header_fcntl_h=yes
ac_cv_header_inttypes_h=yes
ac_cv_header_limits_h=yes
ac_cv_header_malloc_h=no
ac_cv_header_memory_h=yes
ac_cv_header_minix_config_h=no
ac_cv_header_ncurses_h=yes
ac_cv_header_stdc=yes
ac_cv_header_stdint_h=yes
ac_cv_header_stdlib_h=yes
ac_cv_header_string_h=yes
ac_cv_header_strings_h=yes
ac_cv_header_sys_cdefs_h=yes
ac_cv_header_sys_ioctl_h=yes
ac_cv_header_sys_param_h=yes
ac_cv_header_sys_stat_h=yes
ac_cv_header_sys_types_h=yes
ac_cv_header_sys_wait_h=yes
ac_cv_header_term_h=yes
ac_cv_header_termios_h=yes
ac_cv_header_unistd_h=yes
ac_cv_header_vfork_h=no
ac_cv_host=x86_64-apple-darwin11.2.0
ac_cv_lib_curses_tgetent=yes
ac_cv_objext=o
ac_cv_path_EGREP='/usr/bin/grep -E'
ac_cv_path_FGREP='/usr/bin/grep -F'
ac_cv_path_GREP=/usr/bin/grep
ac_cv_path_NROFF=/usr/bin/nroff
ac_cv_path_SED=/usr/bin/sed
ac_cv_path_install='/usr/bin/install -c'
ac_cv_prog_AWK=awk
ac_cv_prog_CPP='gcc -E'
ac_cv_prog_ac_ct_AR=ar
ac_cv_prog_ac_ct_CC=gcc
ac_cv_prog_ac_ct_DSYMUTIL=dsymutil
ac_cv_prog_ac_ct_LIPO=lipo
ac_cv_prog_ac_ct_NMEDIT=nmedit
ac_cv_prog_ac_ct_OTOOL=otool
ac_cv_prog_ac_ct_RANLIB=ranlib
ac_cv_prog_ac_ct_STRIP=strip
ac_cv_prog_cc_c89=
ac_cv_prog_cc_c99=-std=gnu99
ac_cv_prog_cc_g=yes
ac_cv_prog_gcc_traditional=no
ac_cv_prog_make_make_set=yes
ac_cv_safe_to_define___extensions__=yes
ac_cv_search_opendir='none required'
ac_cv_type_pid_t=yes
ac_cv_type_signal=void
ac_cv_type_size_t=yes
ac_cv_type_u_int32_t=yes
ac_cv_working_alloca_h=yes
am_cv_CC_dependencies_compiler_type=none
lt_cv_apple_cc_single_mod=yes
lt_cv_deplibs_check_method=pass_all
lt_cv_file_magic_cmd='$MAGIC_CMD'
lt_cv_file_magic_test_file=
lt_cv_ld_exported_symbols_list=yes
lt_cv_ld_reload_flag=-r
lt_cv_nm_interface='BSD nm'
lt_cv_objdir=.libs
lt_cv_path_LD=/usr/llvm-gcc-4.2/libexec/gcc/i686-apple-darwin11/4.2.1/ld
lt_cv_path_NM=/usr/bin/nm
lt_cv_prog_compiler_c_o=yes
lt_cv_prog_compiler_pic_works=yes
lt_cv_prog_compiler_rtti_exceptions=no
lt_cv_prog_compiler_static_works=no
lt_cv_prog_gnu_ld=no
lt_cv_sys_global_symbol_pipe='sed -n -e '\''s/^.*[	 ]\([BCDEGRST][BCDEGRST]*\)[	 ][	 ]*_\([_A-Za-z][_A-Za-z0-9]*\)$/\1 _\2 \2/p'\'''
lt_cv_sys_global_symbol_to_c_name_address='sed -n -e '\''s/^: \([^ ]*\) $/  {\"\1\", (void *) 0},/p'\'' -e '\''s/^[BCDEGRST]* \([^ ]*\) \([^ ]*\)$/  {"\2", (void *) \&\2},/p'\'''
lt_cv_sys_global_symbol_to_c_name_address_lib_prefix='sed -n -e '\''s/^: \([^ ]*\) $/  {\"\1\", (void *) 0},/p'\'' -e '\''s/^[BCDEGRST]* \([^ ]*\) \(lib[^ ]*\)$/  {"\2", (void *) \&\2},/p'\'' -e '\''s/^[BCDEGRST]* \([^ ]*\) \([^ ]*\)$/  {"lib\2", (void *) \&\2},/p'\'''
lt_cv_sys_global_symbol_to_cdecl='sed -n -e '\''s/^T .* \(.*\)$/extern int \1();/p'\'' -e '\''s/^[BCDEGRST]* .* \(.*\)$/extern char \1;/p'\'''
lt_cv_sys_max_cmd_len=196608

## ----------------- ##
## Output variables. ##
## ----------------- ##

ACLOCAL='${SHELL} /usr/local/narwhal/packages/narwhal-jsc/deps/libedit-20100424-3.0/missing --run aclocal-1.11'
ALLOCA=''
AMDEPBACKSLASH=''
AMDEP_FALSE=''
AMDEP_TRUE='#'
AMTAR='${SHELL} /usr/local/narwhal/packages/narwhal-jsc/deps/libedit-20100424-3.0/missing --run tar'
AM_BACKSLASH='\'
AM_DEFAULT_VERBOSITY='0'
AR='ar'
AUTOCONF='${SHELL} /usr/local/narwhal/packages/narwhal-jsc/deps/libedit-20100424-3.0/missing --run autoconf'
AUTOHEADER='${SHELL} /usr/local/narwhal/packages/narwhal-jsc/deps/libedit-20100424-3.0/missing --run autoheader'
AUTOMAKE='${SHELL} /usr/local/narwhal/packages/narwhal-jsc/deps/libedit-20100424-3.0/missing --run automake-1.11'
AWK='awk'
CC='gcc -std=gnu99'
CCDEPMODE='depmode=none'
CFLAGS='-force_cpusubtype_ALL -mmacosx-version-min=10.4 -arch i386'
CPP='gcc -E'
CPPFLAGS=''
CYGPATH_W='echo'
DEFS='-DHAVE_CONFIG_H'
DEPDIR='.deps'
DSYMUTIL='dsymutil'
DUMPBIN=''
ECHO_C='\c'
ECHO_N=''
ECHO_T=''
EGREP='/usr/bin/grep -E'
EXEEXT=''
FGREP='/usr/bin/grep -F'
GREP='/usr/bin/grep'
INSTALL_DATA='${INSTALL} -m 644'
INSTALL_PROGRAM='${INSTALL}'
INSTALL_SCRIPT='${INSTALL}'
INSTALL_STRIP_PROGRAM='$(install_sh) -c -s'
LD='/usr/llvm-gcc-4.2/libexec/gcc/i686-apple-darwin11/4.2.1/ld'
LDFLAGS='-force_cpusubtype_ALL -mmacosx-version-min=10.4 -arch i386'
LIBOBJS=' ${LIBOBJDIR}lstat$U.o'
LIBS='-lcurses '
LIBTOOL='$(SHELL) $(top_builddir)/libtool'
LIPO='lipo'
LN_S='ln -s'
LTLIBOBJS=' ${LIBOBJDIR}lstat$U.lo'
LT_VERSION='0:35:0'
MAKEINFO='${SHELL} /usr/local/narwhal/packages/narwhal-jsc/deps/libedit-20100424-3.0/missing --run makeinfo'
MANTYPE='mdoc'
MKDIR_P='./install-sh -c -d'
NM='/usr/bin/nm'
NMEDIT='nmedit'
NROFF='/usr/bin/nroff'
OBJDUMP='false'
OBJEXT='o'
OTOOL64=':'
OTOOL='otool'
PACKAGE='libedit-20100424'
PACKAGE_BUGREPORT=''
PACKAGE_NAME='libedit'
PACKAGE_STRING='libedit 3.0'
PACKAGE_TARNAME='libedit-20100424'
PACKAGE_URL=''
PACKAGE_VERSION='3.0'
PATH_SEPARATOR=':'
RANLIB='ranlib'
SED='/usr/bin/sed'
SET_MAKE=''
SHELL='/bin/sh'
STRIP='strip'
VERSION='3.0'
WIDECHAR_FALSE=''
WIDECHAR_TRUE='#'
ac_ct_CC='gcc'
ac_ct_DUMPBIN=''
am__EXEEXT_FALSE=''
am__EXEEXT_TRUE='#'
am__fastdepCC_FALSE=''
am__fastdepCC_TRUE='#'
am__include='include'
am__isrc=''
am__leading_dot='.'
am__quote=''
am__tar='${AMTAR} chof - "$$tardir"'
am__untar='${AMTAR} xf -'
bindir='${exec_prefix}/bin'
build='x86_64-apple-darwin11.2.0'
build_alias=''
build_cpu='x86_64'
build_os='darwin11.2.0'
build_vendor='apple'
datadir='${datarootdir}'
datarootdir='${prefix}/share'
docdir='${datarootdir}/doc/${PACKAGE_TARNAME}'
dvidir='${docdir}'
exec_prefix='${prefix}'
host='x86_64-apple-darwin11.2.0'
host_alias=''
host_cpu='x86_64'
host_os='darwin11.2.0'
host_vendor='apple'
htmldir='${docdir}'
includedir='${prefix}/include'
infodir='${datarootdir}/info'
install_sh='${SHELL} /usr/local/narwhal/packages/narwhal-jsc/deps/libedit-20100424-3.0/install-sh'
libdir='${exec_prefix}/lib'
libexecdir='${exec_prefix}/libexec'
localedir='${datarootdir}/locale'
localstatedir='${prefix}/var'
lt_ECHO='/bin/echo'
mandir='${datarootdir}/man'
mkdir_p='$(top_builddir)/./install-sh -c -d'
oldincludedir='/usr/include'
pdfdir='${docdir}'
prefix='/usr/local'
program_transform_name='s,x,x,'
psdir='${docdir}'
sbindir='${exec_prefix}/sbin'
sharedstatedir='${prefix}/com'
sysconfdir='${prefix}/etc'
target_alias=''

## ----------- ##
## confdefs.h. ##
## ----------- ##

/* confdefs.h */
#define PACKAGE_NAME "libedit"
#define PACKAGE_TARNAME "libedit-20100424"
#define PACKAGE_VERSION "3.0"
#define PACKAGE_STRING "libedit 3.0"
#define PACKAGE_BUGREPORT ""
#define PACKAGE_URL ""
#define STDC_HEADERS 1
#define HAVE_SYS_TYPES_H 1
#define HAVE_SYS_STAT_H 1
#define HAVE_STDLIB_H 1
#define HAVE_STRING_H 1
#define HAVE_MEMORY_H 1
#define HAVE_STRINGS_H 1
#define HAVE_INTTYPES_H 1
#define HAVE_STDINT_H 1
#define HAVE_UNISTD_H 1
#define __EXTENSIONS__ 1
#define _ALL_SOURCE 1
#define _GNU_SOURCE 1
#define _POSIX_PTHREAD_SEMANTICS 1
#define _TANDEM_SOURCE 1
#define PACKAGE "libedit-20100424"
#define VERSION "3.0"
#define HAVE_DLFCN_H 1
#define LT_OBJDIR ".libs/"
#define HAVE_LIBCURSES 1
#define HAVE_ALLOCA_H 1
#define HAVE_ALLOCA 1
#define HAVE_DIRENT_H 1
#define STDC_HEADERS 1
#define HAVE_SYS_WAIT_H 1
#define HAVE_FCNTL_H 1
#define HAVE_LIMITS_H 1
#define HAVE_STDLIB_H 1
#define HAVE_STRING_H 1
#define HAVE_SYS_IOCTL_H 1
#define HAVE_SYS_PARAM_H 1
#define HAVE_UNISTD_H 1
#define HAVE_CURSES_H 1
#define HAVE_NCURSES_H 1
#define HAVE_SYS_CDEFS_H 1
#define HAVE_TERM_H 1
#define HAVE_U_INT32_T 1
#define HAVE_FORK 1
#define HAVE_VFORK 1
#define HAVE_WORKING_VFORK 1
#define HAVE_WORKING_FORK 1
#define RETSIGTYPE void
#define HAVE_ENDPWENT 1
#define HAVE_ISASCII 1
#define HAVE_MEMCHR 1
#define HAVE_MEMSET 1
#define HAVE_REGCOMP 1
#define HAVE_STRCASECMP 1
#define HAVE_STRCHR 1
#define HAVE_STRCSPN 1
#define HAVE_STRDUP 1
#define HAVE_STRERROR 1
#define HAVE_STRRCHR 1
#define HAVE_STRSTR 1
#define HAVE_STRTOL 1
#define HAVE_ISSETUGID 1
#define HAVE_WCSDUP 1
#define HAVE_GETPW_R_POSIX 1

configure: exit 0
